New log file opened at Wed May 27 13:11:28 CEST 2015 by 4268@karen
Taking next connection to: 53713
New client attempting to connect on port: 53714-53713
  Address = /145.102.71.140:53713
This client on port 53714 has uuid 248c5ead-599a-4127-abb1-63824e83d234 configName activator humanReadableName Activator protocolVersion 1 featureTags Vector()
Connected Clients: activator-248c5ead-599a-4127-abb1-63824e83d234
Taking next connection to: 53713
New client attempting to connect on port: 53716-53713
  Address = /145.102.71.140:53713
Handshake exception on socket: 53716
sbt.impl.ipc.HandshakeException: Unable to perform handshake
	at sbt.impl.ipc.Peer.handshake(IPC.scala:46)
	at sbt.impl.ipc.MultiClientServer.<init>(IPC.scala:150)
	at sbt.server.SbtServerSocketHandler$$anon$1.run(SbtServerSocketHandler.scala:43)
Caused by: java.net.SocketException: Software caused connection abort: recv failed
	at java.net.SocketInputStream.socketRead0(Native Method)
	at java.net.SocketInputStream.socketRead(Unknown Source)
	at java.net.SocketInputStream.read(Unknown Source)
	at java.net.SocketInputStream.read(Unknown Source)
	at java.io.BufferedInputStream.fill(Unknown Source)
	at java.io.BufferedInputStream.read(Unknown Source)
	at java.io.DataInputStream.readInt(Unknown Source)
	at sbt.impl.ipc.Peer.receive(IPC.scala:95)
	at sbt.impl.ipc.Peer.handshake(IPC.scala:49)
	... 2 more
Taking next connection to: 53713
New client attempting to connect on port: 53717-53713
  Address = /145.102.71.140:53713
This client on port 53717 has uuid f7fe4365-656c-4665-9d61-9b61933fb260 configName play-fork-run humanReadableName Play Fork Run protocolVersion 1 featureTags Vector()
Connected Clients: activator-248c5ead-599a-4127-abb1-63824e83d234, play-fork-run-f7fe4365-656c-4665-9d61-9b61933fb260
Taking next connection to: 53713
Checking to see if clients are empty...
We have 1 non-daemon clients, continuing serving connections.
Taking next connection to: 53713
Checking to see if clients are empty...
We have 1 non-daemon clients, continuing serving connections.
Taking next connection to: 53713
Checking to see if clients are empty...
We have 1 non-daemon clients, continuing serving connections.
Taking next connection to: 53713
Checking to see if clients are empty...
We have 1 non-daemon clients, continuing serving connections.
Taking next connection to: 53713
Checking to see if clients are empty...
We have 1 non-daemon clients, continuing serving connections.
Taking next connection to: 53713
Checking to see if clients are empty...
We have 1 non-daemon clients, continuing serving connections.
Taking next connection to: 53713
Checking to see if clients are empty...
We have 1 non-daemon clients, continuing serving connections.
Taking next connection to: 53713
