New log file opened at Mon Jun 08 14:50:42 CEST 2015 by 7136@karen
jvm 7136@karen
jvm vmName=Java HotSpot(TM) 64-Bit Server VM vmVendor=Oracle Corporation vmVersion=25.45-b02
jvm specName=Java Virtual Machine Specification specVendor=Oracle Corporation specVersion=1.8
jvm arguments: [-Xms256m, -Xmx1024m, -XX:MetaspaceSize=64m, -XX:MaxMetaspaceSize=256m]
Starting event engine
Starting sbt command engine
Waiting for sbt command engine
Command engine arguments=List()
Command engine baseDirectory=C:\Users\MJ\AvansSoftwareOfficial\play-java-app
Command engine initial remaining commands List(--initialize, onFailure load-failed, boot, server-send-ready-for-request, server-handle-next-server-request)
> --initialize
> initialize
> onFailure load-failed
> boot
> reload
[Loading] Scanning directory C:\Users\MJ\AvansSoftwareOfficial\play-java-app\project
[Loading] Found non-root projects 
[Loading] Done in C:\Users\MJ\AvansSoftwareOfficial\play-java-app\project, returning: ()
deducing auto plugins based on known facts Set(Atom(sbt.plugins.CorePlugin)) and clauses Clauses(List(Clause(Atom(sbt.plugins.JvmPlugin),Set(Atom(sbt.plugins.IvyPlugin))), Clause(Atom(sbt.plugins.JUnitXmlReportPlugin),Set(Atom(sbt.plugins.JvmPlugin))), Clause(Atom(sbt.plugins.CorePlugin),Set(Atom(sbt.plugins.IvyPlugin))), Clause(Atom(sbt.plugins.IvyPlugin),Set(Atom(sbt.plugins.JvmPlugin))), Clause(Atom(sbt.plugins.JvmPlugin),Set(Atom(sbt.plugins.JUnitXmlReportPlugin)))))
  :: deduced result: Matched(sbt.plugins.CorePlugin,sbt.plugins.IvyPlugin,sbt.plugins.JvmPlugin,sbt.plugins.JUnitXmlReportPlugin)
sorting: ns: List(sbt.plugins.CorePlugin, sbt.plugins.IvyPlugin, sbt.plugins.JvmPlugin, sbt.plugins.JUnitXmlReportPlugin)
  :: sorting:: found: List(sbt.plugins.CorePlugin) not found List(sbt.plugins.IvyPlugin, sbt.plugins.JvmPlugin, sbt.plugins.JUnitXmlReportPlugin)
  :: sorting:: found: List(sbt.plugins.CorePlugin, sbt.plugins.IvyPlugin) not found List(sbt.plugins.JvmPlugin, sbt.plugins.JUnitXmlReportPlugin)
  :: sorting:: found: List(sbt.plugins.CorePlugin, sbt.plugins.IvyPlugin, sbt.plugins.JvmPlugin) not found List(sbt.plugins.JUnitXmlReportPlugin)
  :: sorting:: found: List(sbt.plugins.CorePlugin, sbt.plugins.IvyPlugin, sbt.plugins.JvmPlugin, sbt.plugins.JUnitXmlReportPlugin) not found List()
  :: sorted deduced result: List(sbt.plugins.CorePlugin, sbt.plugins.IvyPlugin, sbt.plugins.JvmPlugin, sbt.plugins.JUnitXmlReportPlugin)
[Loading] Done in C:\Users\MJ\AvansSoftwareOfficial\play-java-app\project, returning: (play-java-app-build)
Loading project definition from C:\Users\MJ\AvansSoftwareOfficial\play-java-app\project
Running task... Cancel: sbt.TaskCancellationStrategy$Null$@f210b69, check cycles: false

Initial source changes: 
	removed:Set()
	added: Set()
	modified: Set()
Removed products: Set()
External API changes: API Changes: Set()
Modified binary dependencies: Set()
Initial directly invalidated sources: Set()

Sources indirectly invalidated by:
	product: Set()
	binary dep: Set()
	external source: Set()
All initially invalidated sources: Set()

Copy resource mappings: 
	
[Loading] Scanning directory C:\Users\MJ\AvansSoftwareOfficial\play-java-app
[Loading] Found root project root w/ remaining 
deducing auto plugins based on known facts Set(Atom(play.PlayJava), Atom(sbt.plugins.CorePlugin)) and clauses Clauses(List(Clause(Atom(sbt.plugins.JvmPlugin),Set(Atom(sbt.plugins.IvyPlugin))), Clause(Atom(sbt.plugins.JUnitXmlReportPlugin),Set(Atom(sbt.plugins.JvmPlugin))), Clause(Atom(play.sbt.forkrun.PlayForkRun),Set(Atom(sbt.plugins.BackgroundRunPlugin))), Clause(Atom(play.sbt.forkrun.PlayForkRun),Set(Atom(play.Play))), Clause(Atom(play.sbt.forkrun.PlayForkRun),Set(Atom(sbt.plugins.SerializersPlugin))), Clause(Atom(play.Play),Set(Atom(com.typesafe.sbt.webdriver.SbtWebDriver))), Clause(Atom(play.Play),Set(Atom(play.twirl.sbt.SbtTwirl))), Clause(Atom(play.Play),Set(Atom(com.typesafe.sbt.jse.SbtJsTask))), Clause(Atom(play.PlayJava),Set(Atom(play.Play))), Clause(Atom(play.PlayScala),Set(Atom(play.Play))), Clause(Atom(play.twirl.sbt.SbtTwirl),Set(Atom(sbt.plugins.JvmPlugin))), Clause(Atom(com.typesafe.sbt.jse.SbtJsEngine),Set(Atom(com.typesafe.sbt.web.SbtWeb))), Clause(Atom(com.typesafe.sbt.jse.SbtJsTask),Set(Atom(com.typesafe.sbt.jse.SbtJsEngine))), Clause(Atom(com.typesafe.sbt.webdriver.SbtWebDriver),Set(Atom(com.typesafe.sbt.web.SbtWeb))), Clause(Atom(sbt.plugins.BackgroundRunPlugin),Set(Atom(sbt.plugins.JvmPlugin))), Clause(Atom(com.typesafe.sbt.coffeescript.SbtCoffeeScript),Set(Atom(com.typesafe.sbt.jse.SbtJsTask))), Clause(Atom(com.typesafe.sbt.less.SbtLess),Set(Atom(com.typesafe.sbt.jse.SbtJsTask))), Clause(Atom(com.typesafe.sbt.jshint.SbtJSHint),Set(Atom(com.typesafe.sbt.jse.SbtJsTask))), Clause(Atom(com.typesafe.sbt.rjs.SbtRjs),Set(Atom(com.typesafe.sbt.jse.SbtJsTask))), Clause(Atom(com.typesafe.sbt.digest.SbtDigest),Set(Atom(com.typesafe.sbt.web.SbtWeb))), Clause(Atom(com.typesafe.sbt.mocha.SbtMocha),Set(Atom(com.typesafe.sbt.jse.SbtJsTask))), Clause(Atom(sbt.plugins.CorePlugin),Set(Atom(sbt.plugins.IvyPlugin))), Clause(Atom(sbt.plugins.IvyPlugin),Set(Atom(sbt.plugins.JvmPlugin))), Clause(Atom(sbt.plugins.JvmPlugin),Set(Atom(sbt.plugins.JUnitXmlReportPlugin))), Clause(And(Set(Atom(sbt.plugins.BackgroundRunPlugin), Atom(play.Play), Atom(sbt.plugins.SerializersPlugin))),Set(Atom(play.sbt.forkrun.PlayForkRun))), Clause(Atom(com.typesafe.sbt.web.SbtWeb),Set(Atom(com.typesafe.sbt.jse.SbtJsEngine))), Clause(Atom(com.typesafe.sbt.jse.SbtJsEngine),Set(Atom(com.typesafe.sbt.jse.SbtJsTask))), Clause(Atom(com.typesafe.sbt.web.SbtWeb),Set(Atom(com.typesafe.sbt.webdriver.SbtWebDriver))), Clause(Atom(sbt.plugins.JvmPlugin),Set(Atom(sbt.plugins.BackgroundRunPlugin))), Clause(Atom(sbt.plugins.CorePlugin),Set(Atom(sbt.plugins.InteractionServicePlugin))), Clause(Atom(sbt.plugins.CorePlugin),Set(Atom(sbt.plugins.SendEventServicePlugin))), Clause(Atom(sbt.plugins.CorePlugin),Set(Atom(sbt.plugins.SerializersPlugin))), Clause(Atom(com.typesafe.sbt.jse.SbtJsTask),Set(Atom(com.typesafe.sbt.coffeescript.SbtCoffeeScript))), Clause(Atom(com.typesafe.sbt.jse.SbtJsTask),Set(Atom(com.typesafe.sbt.less.SbtLess))), Clause(Atom(com.typesafe.sbt.jse.SbtJsTask),Set(Atom(com.typesafe.sbt.jshint.SbtJSHint))), Clause(Atom(com.typesafe.sbt.jse.SbtJsTask),Set(Atom(com.typesafe.sbt.rjs.SbtRjs))), Clause(Atom(com.typesafe.sbt.web.SbtWeb),Set(Atom(com.typesafe.sbt.digest.SbtDigest))), Clause(Atom(com.typesafe.sbt.jse.SbtJsTask),Set(Atom(com.typesafe.sbt.mocha.SbtMocha)))))
  :: deduced result: Matched(sbt.plugins.CorePlugin,play.PlayJava,sbt.plugins.InteractionServicePlugin,sbt.plugins.SendEventServicePlugin,play.Play,sbt.plugins.SerializersPlugin,sbt.plugins.IvyPlugin,sbt.plugins.JvmPlugin,com.typesafe.sbt.jse.SbtJsTask,play.twirl.sbt.SbtTwirl,com.typesafe.sbt.webdriver.SbtWebDriver,com.typesafe.sbt.jshint.SbtJSHint,sbt.plugins.JUnitXmlReportPlugin,com.typesafe.sbt.mocha.SbtMocha,com.typesafe.sbt.less.SbtLess,com.typesafe.sbt.web.SbtWeb,com.typesafe.sbt.rjs.SbtRjs,com.typesafe.sbt.jse.SbtJsEngine,com.typesafe.sbt.coffeescript.SbtCoffeeScript,sbt.plugins.BackgroundRunPlugin,com.typesafe.sbt.digest.SbtDigest,play.sbt.forkrun.PlayForkRun)
sorting: ns: List(sbt.plugins.CorePlugin, play.PlayJava, sbt.plugins.InteractionServicePlugin, sbt.plugins.SendEventServicePlugin, play.Play, sbt.plugins.SerializersPlugin, sbt.plugins.IvyPlugin, sbt.plugins.JvmPlugin, com.typesafe.sbt.jse.SbtJsTask, play.twirl.sbt.SbtTwirl, com.typesafe.sbt.webdriver.SbtWebDriver, com.typesafe.sbt.jshint.SbtJSHint, sbt.plugins.JUnitXmlReportPlugin, com.typesafe.sbt.mocha.SbtMocha, com.typesafe.sbt.less.SbtLess, com.typesafe.sbt.web.SbtWeb, com.typesafe.sbt.rjs.SbtRjs, com.typesafe.sbt.jse.SbtJsEngine, com.typesafe.sbt.coffeescript.SbtCoffeeScript, sbt.plugins.BackgroundRunPlugin, com.typesafe.sbt.digest.SbtDigest, play.sbt.forkrun.PlayForkRun)
  :: sorting:: found: List(sbt.plugins.CorePlugin, com.typesafe.sbt.web.SbtWeb) not found List(play.PlayJava, sbt.plugins.InteractionServicePlugin, sbt.plugins.SendEventServicePlugin, play.Play, sbt.plugins.SerializersPlugin, sbt.plugins.IvyPlugin, sbt.plugins.JvmPlugin, com.typesafe.sbt.jse.SbtJsTask, play.twirl.sbt.SbtTwirl, com.typesafe.sbt.webdriver.SbtWebDriver, com.typesafe.sbt.jshint.SbtJSHint, sbt.plugins.JUnitXmlReportPlugin, com.typesafe.sbt.mocha.SbtMocha, com.typesafe.sbt.less.SbtLess, com.typesafe.sbt.rjs.SbtRjs, com.typesafe.sbt.jse.SbtJsEngine, com.typesafe.sbt.coffeescript.SbtCoffeeScript, sbt.plugins.BackgroundRunPlugin, com.typesafe.sbt.digest.SbtDigest, play.sbt.forkrun.PlayForkRun)
  :: sorting:: found: List(sbt.plugins.CorePlugin, com.typesafe.sbt.web.SbtWeb, sbt.plugins.InteractionServicePlugin, sbt.plugins.SendEventServicePlugin, sbt.plugins.SerializersPlugin, sbt.plugins.IvyPlugin, com.typesafe.sbt.webdriver.SbtWebDriver, com.typesafe.sbt.jse.SbtJsEngine, com.typesafe.sbt.digest.SbtDigest) not found List(play.PlayJava, play.Play, sbt.plugins.JvmPlugin, com.typesafe.sbt.jse.SbtJsTask, play.twirl.sbt.SbtTwirl, com.typesafe.sbt.jshint.SbtJSHint, sbt.plugins.JUnitXmlReportPlugin, com.typesafe.sbt.mocha.SbtMocha, com.typesafe.sbt.less.SbtLess, com.typesafe.sbt.rjs.SbtRjs, com.typesafe.sbt.coffeescript.SbtCoffeeScript, sbt.plugins.BackgroundRunPlugin, play.sbt.forkrun.PlayForkRun)
  :: sorting:: found: List(sbt.plugins.CorePlugin, com.typesafe.sbt.web.SbtWeb, sbt.plugins.InteractionServicePlugin, sbt.plugins.SendEventServicePlugin, sbt.plugins.SerializersPlugin, sbt.plugins.IvyPlugin, com.typesafe.sbt.webdriver.SbtWebDriver, com.typesafe.sbt.jse.SbtJsEngine, com.typesafe.sbt.digest.SbtDigest, sbt.plugins.JvmPlugin, com.typesafe.sbt.jse.SbtJsTask) not found List(play.PlayJava, play.Play, play.twirl.sbt.SbtTwirl, com.typesafe.sbt.jshint.SbtJSHint, sbt.plugins.JUnitXmlReportPlugin, com.typesafe.sbt.mocha.SbtMocha, com.typesafe.sbt.less.SbtLess, com.typesafe.sbt.rjs.SbtRjs, com.typesafe.sbt.coffeescript.SbtCoffeeScript, sbt.plugins.BackgroundRunPlugin, play.sbt.forkrun.PlayForkRun)
  :: sorting:: found: List(sbt.plugins.CorePlugin, com.typesafe.sbt.web.SbtWeb, sbt.plugins.InteractionServicePlugin, sbt.plugins.SendEventServicePlugin, sbt.plugins.SerializersPlugin, sbt.plugins.IvyPlugin, com.typesafe.sbt.webdriver.SbtWebDriver, com.typesafe.sbt.jse.SbtJsEngine, com.typesafe.sbt.digest.SbtDigest, sbt.plugins.JvmPlugin, com.typesafe.sbt.jse.SbtJsTask, play.twirl.sbt.SbtTwirl, com.typesafe.sbt.jshint.SbtJSHint, sbt.plugins.JUnitXmlReportPlugin, com.typesafe.sbt.mocha.SbtMocha, com.typesafe.sbt.less.SbtLess, com.typesafe.sbt.rjs.SbtRjs, com.typesafe.sbt.coffeescript.SbtCoffeeScript, sbt.plugins.BackgroundRunPlugin) not found List(play.PlayJava, play.Play, play.sbt.forkrun.PlayForkRun)
  :: sorting:: found: List(sbt.plugins.CorePlugin, com.typesafe.sbt.web.SbtWeb, sbt.plugins.InteractionServicePlugin, sbt.plugins.SendEventServicePlugin, sbt.plugins.SerializersPlugin, sbt.plugins.IvyPlugin, com.typesafe.sbt.webdriver.SbtWebDriver, com.typesafe.sbt.jse.SbtJsEngine, com.typesafe.sbt.digest.SbtDigest, sbt.plugins.JvmPlugin, com.typesafe.sbt.jse.SbtJsTask, play.twirl.sbt.SbtTwirl, com.typesafe.sbt.jshint.SbtJSHint, sbt.plugins.JUnitXmlReportPlugin, com.typesafe.sbt.mocha.SbtMocha, com.typesafe.sbt.less.SbtLess, com.typesafe.sbt.rjs.SbtRjs, com.typesafe.sbt.coffeescript.SbtCoffeeScript, sbt.plugins.BackgroundRunPlugin, play.Play) not found List(play.PlayJava, play.sbt.forkrun.PlayForkRun)
  :: sorting:: found: List(sbt.plugins.CorePlugin, com.typesafe.sbt.web.SbtWeb, sbt.plugins.InteractionServicePlugin, sbt.plugins.SendEventServicePlugin, sbt.plugins.SerializersPlugin, sbt.plugins.IvyPlugin, com.typesafe.sbt.webdriver.SbtWebDriver, com.typesafe.sbt.jse.SbtJsEngine, com.typesafe.sbt.digest.SbtDigest, sbt.plugins.JvmPlugin, com.typesafe.sbt.jse.SbtJsTask, play.twirl.sbt.SbtTwirl, com.typesafe.sbt.jshint.SbtJSHint, sbt.plugins.JUnitXmlReportPlugin, com.typesafe.sbt.mocha.SbtMocha, com.typesafe.sbt.less.SbtLess, com.typesafe.sbt.rjs.SbtRjs, com.typesafe.sbt.coffeescript.SbtCoffeeScript, sbt.plugins.BackgroundRunPlugin, play.Play, play.PlayJava, play.sbt.forkrun.PlayForkRun) not found List()
  :: sorted deduced result: List(sbt.plugins.CorePlugin, com.typesafe.sbt.web.SbtWeb, sbt.plugins.InteractionServicePlugin, sbt.plugins.SendEventServicePlugin, sbt.plugins.SerializersPlugin, sbt.plugins.IvyPlugin, com.typesafe.sbt.webdriver.SbtWebDriver, com.typesafe.sbt.jse.SbtJsEngine, com.typesafe.sbt.digest.SbtDigest, sbt.plugins.JvmPlugin, com.typesafe.sbt.jse.SbtJsTask, play.twirl.sbt.SbtTwirl, com.typesafe.sbt.jshint.SbtJSHint, sbt.plugins.JUnitXmlReportPlugin, com.typesafe.sbt.mocha.SbtMocha, com.typesafe.sbt.less.SbtLess, com.typesafe.sbt.rjs.SbtRjs, com.typesafe.sbt.coffeescript.SbtCoffeeScript, sbt.plugins.BackgroundRunPlugin, play.Play, play.PlayJava, play.sbt.forkrun.PlayForkRun)
[Loading] Done in C:\Users\MJ\AvansSoftwareOfficial\play-java-app, returning: (root)
Set current project to play-java-intro (in build file:/C:/Users/MJ/AvansSoftwareOfficial/play-java-app/)
Reapplying settings...
Set current project to play-java-intro (in build file:/C:/Users/MJ/AvansSoftwareOfficial/play-java-app/)
> iflast shell
> server-send-ready-for-request
> server-handle-next-server-request
> compile
Evaluating tasks: compile:compile
Running task... Cancel: sbt.server.ServerTaskCancellation@77e3fd42, check cycles: false
C:\Users\MJ\AvansSoftwareOfficial\play-java-app\conf\routes:14: Compilation error[Identifier expected]
DELETE  /recipes/:recipe            controllers.Recipes.delete(recipe: Long)
                                                                        ^
Read from stdout: (compile:managedSources) @6md7e9o4b: Compilation error in C:\Users\MJ\AvansSoftwareOfficial\play-java-app\conf\routes:14
(compile:managedSources) @6md7e9o4b: Compilation error in C:\Users\MJ\AvansSoftwareOfficial\play-java-app\conf\routes:14
Total time: 2 s, completed 8 juin 2015 14:50:59
> server-post-command-error-handler
> server-post-command-cleanup
> server-handle-next-server-request
> {file:/C:/Users/MJ/AvansSoftwareOfficial/play-java-app/}root/compile:discoveredMainClasses
Evaluating tasks: compile:discoveredMainClasses
Running task... Cancel: sbt.server.ServerTaskCancellation@73439bb1, check cycles: false
C:\Users\MJ\AvansSoftwareOfficial\play-java-app\conf\routes:14: Compilation error[Identifier expected]
DELETE  /recipes/:recipe            controllers.Recipes.delete(recipe: Long)
                                                                        ^
Read from stdout: (compile:managedSources) @6md7e9pn5: Compilation error in C:\Users\MJ\AvansSoftwareOfficial\play-java-app\conf\routes:14
(compile:managedSources) @6md7e9pn5: Compilation error in C:\Users\MJ\AvansSoftwareOfficial\play-java-app\conf\routes:14
Total time: 1 s, completed 8 juin 2015 14:50:59
> server-post-command-error-handler
> server-post-command-cleanup
> server-handle-next-server-request
> {file:/C:/Users/MJ/AvansSoftwareOfficial/play-java-app/}root/compile:mainClass
Evaluating tasks: compile:mainClass
Running task... Cancel: sbt.server.ServerTaskCancellation@5452b68c, check cycles: false
Total time: 0 s, completed 8 juin 2015 14:51:00
> server-post-command-cleanup
> server-handle-next-server-request
> {file:/C:/Users/MJ/AvansSoftwareOfficial/play-java-app/}root/compile:discoveredMainClasses
Evaluating tasks: compile:discoveredMainClasses
Running task... Cancel: sbt.server.ServerTaskCancellation@6438eefb, check cycles: false
C:\Users\MJ\AvansSoftwareOfficial\play-java-app\conf\routes:14: Compilation error[Identifier expected]
DELETE  /recipes/:recipe            controllers.Recipes.delete(recipe: Long)
                                                                        ^
Read from stdout: (compile:managedSources) @6md7ea1i5: Compilation error in C:\Users\MJ\AvansSoftwareOfficial\play-java-app\conf\routes:14
(compile:managedSources) @6md7ea1i5: Compilation error in C:\Users\MJ\AvansSoftwareOfficial\play-java-app\conf\routes:14
Total time: 1 s, completed 8 juin 2015 14:51:01
> server-post-command-error-handler
> server-post-command-cleanup
> server-handle-next-server-request
> {file:/C:/Users/MJ/AvansSoftwareOfficial/play-java-app/}root/compile:discoveredMainClasses
Evaluating tasks: compile:discoveredMainClasses
Running task... Cancel: sbt.server.ServerTaskCancellation@6e97b245, check cycles: false
C:\Users\MJ\AvansSoftwareOfficial\play-java-app\conf\routes:14: Compilation error[Identifier expected]
DELETE  /recipes/:recipe            controllers.Recipes.delete(recipe: Long)
                                                                        ^
Read from stdout: (compile:managedSources) @6md7ea2fp: Compilation error in C:\Users\MJ\AvansSoftwareOfficial\play-java-app\conf\routes:14
(compile:managedSources) @6md7ea2fp: Compilation error in C:\Users\MJ\AvansSoftwareOfficial\play-java-app\conf\routes:14
Total time: 1 s, completed 8 juin 2015 14:51:01
> server-post-command-error-handler
> server-post-command-cleanup
> server-handle-next-server-request
> {file:/C:/Users/MJ/AvansSoftwareOfficial/play-java-app/}root/compile:mainClass
Evaluating tasks: compile:mainClass
Running task... Cancel: sbt.server.ServerTaskCancellation@7e5b50b7, check cycles: false
Total time: 0 s, completed 8 juin 2015 14:51:01
> server-post-command-cleanup
> server-handle-next-server-request
> backgroundRun
Evaluating tasks: compile:backgroundRun
Running task... Cancel: sbt.server.ServerTaskCancellation@73adac3, check cycles: false
Total time: 0 s, completed 8 juin 2015 14:54:14
> server-post-command-cleanup
> server-handle-next-server-request
> {file:/C:/Users/MJ/AvansSoftwareOfficial/play-java-app/}root/*:playForkConfig
Evaluating tasks: *:playForkConfig
Running task... Cancel: sbt.server.ServerTaskCancellation@3b973a21, check cycles: false
Total time: 0 s, completed 8 juin 2015 14:54:16
> server-post-command-cleanup
> server-handle-next-server-request
> root/playForkNotifyStart http://localhost:9000
Evaluating tasks: *:playForkNotifyStart
Running task... Cancel: sbt.server.ServerTaskCancellation@2376590, check cycles: false
Total time: 0 s, completed 8 juin 2015 14:54:19
> server-post-command-cleanup
> server-handle-next-server-request
> test
Evaluating tasks: test:test
Running task... Cancel: sbt.server.ServerTaskCancellation@5399b2a2, check cycles: false
C:\Users\MJ\AvansSoftwareOfficial\play-java-app\conf\routes:14: Compilation error[Identifier expected]
DELETE  /recipes/:recipe            controllers.Recipes.delete(recipe: Long)
                                                                        ^
Read from stdout: (compile:managedSources) @6md7eldmi: Compilation error in C:\Users\MJ\AvansSoftwareOfficial\play-java-app\conf\routes:14
(compile:managedSources) @6md7eldmi: Compilation error in C:\Users\MJ\AvansSoftwareOfficial\play-java-app\conf\routes:14
Total time: 1 s, completed 8 juin 2015 14:54:22
> server-post-command-error-handler
> server-post-command-cleanup
> server-handle-next-server-request
> test
Evaluating tasks: test:test
Running task... Cancel: sbt.server.ServerTaskCancellation@2fb693c8, check cycles: false
C:\Users\MJ\AvansSoftwareOfficial\play-java-app\conf\routes:14: Compilation error[Identifier expected]

 ^
Read from stdout: (compile:managedSources) @6md7f02k0: Compilation error in C:\Users\MJ\AvansSoftwareOfficial\play-java-app\conf\routes:14
(compile:managedSources) @6md7f02k0: Compilation error in C:\Users\MJ\AvansSoftwareOfficial\play-java-app\conf\routes:14
Total time: 1 s, completed 8 juin 2015 14:55:42
> server-post-command-error-handler
> server-post-command-cleanup
> server-handle-next-server-request
> test
Evaluating tasks: test:test
Running task... Cancel: sbt.server.ServerTaskCancellation@79abdb5a, check cycles: false
C:\Users\MJ\AvansSoftwareOfficial\play-java-app\conf\routes:14: Compilation error[Identifier expected]

 ^
Read from stdout: (compile:managedSources) @6md7f0e41: Compilation error in C:\Users\MJ\AvansSoftwareOfficial\play-java-app\conf\routes:14
(compile:managedSources) @6md7f0e41: Compilation error in C:\Users\MJ\AvansSoftwareOfficial\play-java-app\conf\routes:14
Total time: 1 s, completed 8 juin 2015 14:55:50
> server-post-command-error-handler
> server-post-command-cleanup
> server-handle-next-server-request
> jobStop 1
Evaluating tasks: *:jobStop
Running task... Cancel: sbt.server.ServerTaskCancellation@2e402394, check cycles: false
Total time: 0 s, completed 8 juin 2015 14:55:58
> server-post-command-cleanup
> server-handle-next-server-request
> compile
Evaluating tasks: compile:compile
Running task... Cancel: sbt.server.ServerTaskCancellation@166b0913, check cycles: false
C:\Users\MJ\AvansSoftwareOfficial\play-java-app\conf\routes:14: Compilation error[Identifier expected]

 ^
Read from stdout: (compile:managedSources) @6md7f1af2: Compilation error in C:\Users\MJ\AvansSoftwareOfficial\play-java-app\conf\routes:14
(compile:managedSources) @6md7f1af2: Compilation error in C:\Users\MJ\AvansSoftwareOfficial\play-java-app\conf\routes:14
Total time: 0 s, completed 8 juin 2015 14:56:05
> server-post-command-error-handler
> server-post-command-cleanup
> server-handle-next-server-request
> compile
Evaluating tasks: compile:compile
Running task... Cancel: sbt.server.ServerTaskCancellation@6df30e2e, check cycles: false

Initial source changes: 
	removed:Set()
	added: Set()
	modified: Set(C:\Users\MJ\AvansSoftwareOfficial\play-java-app\target\scala-2.10\src_managed\main\controllers\routes.java, C:\Users\MJ\AvansSoftwareOfficial\play-java-app\target\scala-2.10\twirl\main\views\html\index.template.scala, C:\Users\MJ\AvansSoftwareOfficial\play-java-app\target\scala-2.10\src_managed\main\routes_reverseRouting.scala, C:\Users\MJ\AvansSoftwareOfficial\play-java-app\app\controllers\Recipes.java, C:\Users\MJ\AvansSoftwareOfficial\play-java-app\target\scala-2.10\src_managed\main\routes_routing.scala)
Removed products: Set()
External API changes: API Changes: Set()
Modified binary dependencies: Set()
Initial directly invalidated sources: Set(C:\Users\MJ\AvansSoftwareOfficial\play-java-app\target\scala-2.10\src_managed\main\controllers\routes.java, C:\Users\MJ\AvansSoftwareOfficial\play-java-app\target\scala-2.10\twirl\main\views\html\index.template.scala, C:\Users\MJ\AvansSoftwareOfficial\play-java-app\target\scala-2.10\src_managed\main\routes_reverseRouting.scala, C:\Users\MJ\AvansSoftwareOfficial\play-java-app\app\controllers\Recipes.java, C:\Users\MJ\AvansSoftwareOfficial\play-java-app\target\scala-2.10\src_managed\main\routes_routing.scala)

Sources indirectly invalidated by:
	product: Set()
	binary dep: Set()
	external source: Set()
All initially invalidated sources: Set(C:\Users\MJ\AvansSoftwareOfficial\play-java-app\target\scala-2.10\src_managed\main\controllers\routes.java, C:\Users\MJ\AvansSoftwareOfficial\play-java-app\target\scala-2.10\twirl\main\views\html\index.template.scala, C:\Users\MJ\AvansSoftwareOfficial\play-java-app\target\scala-2.10\src_managed\main\routes_reverseRouting.scala, C:\Users\MJ\AvansSoftwareOfficial\play-java-app\app\controllers\Recipes.java, C:\Users\MJ\AvansSoftwareOfficial\play-java-app\target\scala-2.10\src_managed\main\routes_routing.scala)

Read from stdout: Compiling 3 Scala sources and 2 Java sources to C:\Users\MJ\AvansSoftwareOfficial\play-java-app\target\scala-2.10\classes...
Compiling 3 Scala sources and 2 Java sources to C:\Users\MJ\AvansSoftwareOfficial\play-java-app\target\scala-2.10\classes...
Getting compiler-interface from component compiler for Scala 2.10.4
Getting compiler-interface from component compiler for Scala 2.10.4
Running cached compiler 7b610cff, interfacing (CompilerInterface) with Scala compiler version 2.10.4
Calling Scala compiler with arguments  (CompilerInterface):
	-deprecation
	-unchecked
	-encoding
	utf8
	-bootclasspath
	C:\Program Files\Java\jre1.8.0_45\lib\resources.jar;C:\Program Files\Java\jre1.8.0_45\lib\rt.jar;C:\Program Files\Java\jre1.8.0_45\lib\sunrsasign.jar;C:\Program Files\Java\jre1.8.0_45\lib\jsse.jar;C:\Program Files\Java\jre1.8.0_45\lib\jce.jar;C:\Program Files\Java\jre1.8.0_45\lib\charsets.jar;C:\Program Files\Java\jre1.8.0_45\lib\jfr.jar;C:\Program Files\Java\jre1.8.0_45\classes;C:\Users\MJ\.sbt\boot\scala-2.10.4\lib\scala-library.jar
	-classpath
	C:\Users\MJ\AvansSoftwareOfficial\play-java-app\target\scala-2.10\classes;C:\Users\MJ\.ivy2\cache\com.typesafe.play\twirl-api_2.10\jars\twirl-api_2.10-1.0.2.jar;C:\Users\MJ\.ivy2\cache\org.apache.commons\commons-lang3\jars\commons-lang3-3.1.jar;C:\Users\MJ\.ivy2\cache\com.typesafe.play\play_2.10\jars\play_2.10-2.3.9.jar;C:\Users\MJ\.ivy2\cache\com.typesafe.play\build-link\jars\build-link-2.3.9.jar;C:\Users\MJ\.ivy2\cache\com.typesafe.play\play-exceptions\jars\play-exceptions-2.3.9.jar;C:\Users\MJ\.ivy2\cache\com.typesafe.play\play-iteratees_2.10\jars\play-iteratees_2.10-2.3.9.jar;C:\Users\MJ\.ivy2\cache\org.scala-stm\scala-stm_2.10\jars\scala-stm_2.10-0.7.jar;C:\Users\MJ\.ivy2\cache\com.typesafe\config\bundles\config-1.2.1.jar;C:\Users\MJ\.ivy2\cache\com.typesafe.play\play-json_2.10\jars\play-json_2.10-2.3.9.jar;C:\Users\MJ\.ivy2\cache\com.typesafe.play\play-functional_2.10\jars\play-functional_2.10-2.3.9.jar;C:\Users\MJ\.ivy2\cache\com.typesafe.play\play-datacommons_2.10\jars\play-datacommons_2.10-2.3.9.jar;C:\Users\MJ\.ivy2\cache\joda-time\joda-time\jars\joda-time-2.3.jar;C:\Users\MJ\.ivy2\cache\org.joda\joda-convert\jars\joda-convert-1.6.jar;C:\Users\MJ\.ivy2\cache\com.fasterxml.jackson.core\jackson-annotations\bundles\jackson-annotations-2.3.2.jar;C:\Users\MJ\.ivy2\cache\com.fasterxml.jackson.core\jackson-core\bundles\jackson-core-2.3.2.jar;C:\Users\MJ\.ivy2\cache\com.fasterxml.jackson.core\jackson-databind\bundles\jackson-databind-2.3.2.jar;C:\Users\MJ\.sbt\boot\scala-2.10.4\lib\scala-reflect.jar;C:\Users\MJ\.ivy2\cache\io.netty\netty\bundles\netty-3.9.8.Final.jar;C:\Users\MJ\.ivy2\cache\com.typesafe.netty\netty-http-pipelining\jars\netty-http-pipelining-1.1.2.jar;C:\Users\MJ\.ivy2\cache\org.slf4j\slf4j-api\jars\slf4j-api-1.7.6.jar;C:\Users\MJ\.ivy2\cache\org.slf4j\jul-to-slf4j\jars\jul-to-slf4j-1.7.6.jar;C:\Users\MJ\.ivy2\cache\org.slf4j\jcl-over-slf4j\jars\jcl-over-slf4j-1.7.6.jar;C:\Users\MJ\.ivy2\cache\ch.qos.logback\logback-core\jars\logback-core-1.1.1.jar;C:\Users\MJ\.ivy2\cache\ch.qos.logback\logback-classic\jars\logback-classic-1.1.1.jar;C:\Users\MJ\.ivy2\cache\com.typesafe.akka\akka-actor_2.10\jars\akka-actor_2.10-2.3.4.jar;C:\Users\MJ\.ivy2\cache\com.typesafe.akka\akka-slf4j_2.10\jars\akka-slf4j_2.10-2.3.4.jar;C:\Users\MJ\.ivy2\cache\commons-codec\commons-codec\jars\commons-codec-1.9.jar;C:\Users\MJ\.ivy2\cache\xerces\xercesImpl\jars\xercesImpl-2.11.0.jar;C:\Users\MJ\.ivy2\cache\xml-apis\xml-apis\jars\xml-apis-1.4.01.jar;C:\Users\MJ\.ivy2\cache\javax.transaction\jta\jars\jta-1.1.jar;C:\Users\MJ\.ivy2\cache\com.typesafe.play\play-java_2.10\jars\play-java_2.10-2.3.9.jar;C:\Users\MJ\.ivy2\cache\org.yaml\snakeyaml\bundles\snakeyaml-1.13.jar;C:\Users\MJ\.ivy2\cache\org.hibernate\hibernate-validator\jars\hibernate-validator-5.0.3.Final.jar;C:\Users\MJ\.ivy2\cache\javax.validation\validation-api\jars\validation-api-1.1.0.Final.jar;C:\Users\MJ\.ivy2\cache\com.fasterxml\classmate\bundles\classmate-1.0.0.jar;C:\Users\MJ\.ivy2\cache\org.jboss.logging\jboss-logging\jars\jboss-logging-3.2.0.Final.jar;C:\Users\MJ\.ivy2\cache\org.springframework\spring-context\jars\spring-context-4.0.3.RELEASE.jar;C:\Users\MJ\.ivy2\cache\org.springframework\spring-core\jars\spring-core-4.0.3.RELEASE.jar;C:\Users\MJ\.ivy2\cache\org.springframework\spring-beans\jars\spring-beans-4.0.3.RELEASE.jar;C:\Users\MJ\.ivy2\cache\org.javassist\javassist\bundles\javassist-3.19.0-GA.jar;C:\Users\MJ\.ivy2\cache\org.reflections\reflections\jars\reflections-0.9.8.jar;C:\Users\MJ\.ivy2\cache\com.google.guava\guava\bundles\guava-16.0.1.jar;C:\Users\MJ\.ivy2\cache\dom4j\dom4j\jars\dom4j-1.6.1.jar;C:\Users\MJ\.ivy2\cache\com.google.code.findbugs\jsr305\jars\jsr305-2.0.3.jar;C:\Users\MJ\.ivy2\cache\org.apache.tomcat\tomcat-servlet-api\jars\tomcat-servlet-api-8.0.5.jar;C:\Users\MJ\.ivy2\cache\com.typesafe.play\play-java-jdbc_2.10\jars\play-java-jdbc_2.10-2.3.9.jar;C:\Users\MJ\.ivy2\cache\com.typesafe.play\play-jdbc_2.10\jars\play-jdbc_2.10-2.3.9.jar;C:\Users\MJ\.ivy2\cache\com.jolbox\bonecp\bundles\bonecp-0.8.0.RELEASE.jar;C:\Users\MJ\.ivy2\cache\com.h2database\h2\jars\h2-1.3.175.jar;C:\Users\MJ\.ivy2\cache\tyrex\tyrex\jars\tyrex-1.0.1.jar;C:\Users\MJ\.ivy2\cache\com.typesafe.play\play-java-ebean_2.10\jars\play-java-ebean_2.10-2.3.9.jar;C:\Users\MJ\.ivy2\cache\org.avaje.ebeanorm\avaje-ebeanorm\jars\avaje-ebeanorm-3.3.4.jar;C:\Users\MJ\.ivy2\cache\org.avaje.ebeanorm\avaje-ebeanorm-agent\jars\avaje-ebeanorm-agent-3.2.2.jar;C:\Users\MJ\.ivy2\cache\org.hibernate.javax.persistence\hibernate-jpa-2.0-api\jars\hibernate-jpa-2.0-api-1.0.1.Final.jar;C:\Users\MJ\.ivy2\cache\com.typesafe.play\play-java-ws_2.10\jars\play-java-ws_2.10-2.3.9.jar;C:\Users\MJ\.ivy2\cache\com.typesafe.play\play-ws_2.10\jars\play-ws_2.10-2.3.9.jar;C:\Users\MJ\.ivy2\cache\com.ning\async-http-client\jars\async-http-client-1.8.15.jar;C:\Users\MJ\.ivy2\cache\oauth.signpost\signpost-core\jars\signpost-core-1.2.1.2.jar;C:\Users\MJ\.ivy2\cache\oauth.signpost\signpost-commonshttp4\jars\signpost-commonshttp4-1.2.1.2.jar;C:\Users\MJ\.ivy2\cache\org.apache.httpcomponents\httpcore\jars\httpcore-4.0.1.jar;C:\Users\MJ\.ivy2\cache\org.apache.httpcomponents\httpclient\jars\httpclient-4.0.1.jar;C:\Users\MJ\.ivy2\cache\commons-logging\commons-logging\jars\commons-logging-1.1.1.jar
Scala compilation took 7.042634037 s
Java compilation took 1.809385189 s
Java analysis took 0.261029152 s
Java compile + analysis took 2.08645348 s
Invalidating C:\Users\MJ\AvansSoftwareOfficial\play-java-app\target\scala-2.10\src_managed\main\routes_reverseRouting.scala...
Invalidating (transitively) by inheritance from C:\Users\MJ\AvansSoftwareOfficial\play-java-app\target\scala-2.10\src_managed\main\routes_reverseRouting.scala...
Initial set of included nodes: Set(C:\Users\MJ\AvansSoftwareOfficial\play-java-app\target\scala-2.10\src_managed\main\routes_reverseRouting.scala)
Invalidated by transitive inheritance dependency: Set(C:\Users\MJ\AvansSoftwareOfficial\play-java-app\target\scala-2.10\src_managed\main\routes_reverseRouting.scala)
The C:\Users\MJ\AvansSoftwareOfficial\play-java-app\target\scala-2.10\src_managed\main\routes_reverseRouting.scala source file has the following regular definitions changed:
	recipes, delete, rename.
All member reference dependencies will be considered within this context.
Name hashing optimization doesn't apply to non-Scala dependency: C:\Users\MJ\AvansSoftwareOfficial\play-java-app\target\scala-2.10\src_managed\main\controllers\routes.java
None of the modified names appears in C:\Users\MJ\AvansSoftwareOfficial\play-java-app\target\scala-2.10\twirl\main\views\html\index.template.scala. This dependency is not being considered for invalidation.
None of the modified names appears in C:\Users\MJ\AvansSoftwareOfficial\play-java-app\target\scala-2.10\twirl\main\views\html\add.template.scala. This dependency is not being considered for invalidation.
None of the modified names appears in C:\Users\MJ\AvansSoftwareOfficial\play-java-app\target\scala-2.10\twirl\main\views\html\main.template.scala. This dependency is not being considered for invalidation.
None of the modified names appears in C:\Users\MJ\AvansSoftwareOfficial\play-java-app\target\scala-2.10\twirl\main\views\html\menu.template.scala. This dependency is not being considered for invalidation.
Name hashing optimization doesn't apply to non-Scala dependency: C:\Users\MJ\AvansSoftwareOfficial\play-java-app\app\controllers\Application.java
Name hashing optimization doesn't apply to non-Scala dependency: C:\Users\MJ\AvansSoftwareOfficial\play-java-app\app\controllers\Secured.java
New invalidations:
	Set(C:\Users\MJ\AvansSoftwareOfficial\play-java-app\target\scala-2.10\src_managed\main\controllers\routes.java, C:\Users\MJ\AvansSoftwareOfficial\play-java-app\app\controllers\Application.java, C:\Users\MJ\AvansSoftwareOfficial\play-java-app\app\controllers\Secured.java)
Initial set of included nodes: Set(C:\Users\MJ\AvansSoftwareOfficial\play-java-app\target\scala-2.10\src_managed\main\controllers\routes.java, C:\Users\MJ\AvansSoftwareOfficial\play-java-app\app\controllers\Application.java, C:\Users\MJ\AvansSoftwareOfficial\play-java-app\app\controllers\Secured.java)
Including C:\Users\MJ\AvansSoftwareOfficial\play-java-app\target\scala-2.10\twirl\main\views\html\index.template.scala by C:\Users\MJ\AvansSoftwareOfficial\play-java-app\target\scala-2.10\src_managed\main\controllers\routes.java
Including C:\Users\MJ\AvansSoftwareOfficial\play-java-app\app\controllers\Application.java by C:\Users\MJ\AvansSoftwareOfficial\play-java-app\target\scala-2.10\twirl\main\views\html\index.template.scala
Including C:\Users\MJ\AvansSoftwareOfficial\play-java-app\target\scala-2.10\src_managed\main\routes_routing.scala by C:\Users\MJ\AvansSoftwareOfficial\play-java-app\app\controllers\Application.java
Including C:\Users\MJ\AvansSoftwareOfficial\play-java-app\target\scala-2.10\src_managed\main\routes_reverseRouting.scala by C:\Users\MJ\AvansSoftwareOfficial\play-java-app\target\scala-2.10\src_managed\main\routes_routing.scala
Including C:\Users\MJ\AvansSoftwareOfficial\play-java-app\target\scala-2.10\twirl\main\views\html\add.template.scala by C:\Users\MJ\AvansSoftwareOfficial\play-java-app\target\scala-2.10\src_managed\main\routes_reverseRouting.scala
Including C:\Users\MJ\AvansSoftwareOfficial\play-java-app\target\scala-2.10\twirl\main\views\html\main.template.scala by C:\Users\MJ\AvansSoftwareOfficial\play-java-app\target\scala-2.10\src_managed\main\routes_reverseRouting.scala
Including C:\Users\MJ\AvansSoftwareOfficial\play-java-app\target\scala-2.10\twirl\main\views\html\menu.template.scala by C:\Users\MJ\AvansSoftwareOfficial\play-java-app\target\scala-2.10\twirl\main\views\html\main.template.scala
Including C:\Users\MJ\AvansSoftwareOfficial\play-java-app\app\controllers\Secured.java by C:\Users\MJ\AvansSoftwareOfficial\play-java-app\target\scala-2.10\src_managed\main\routes_reverseRouting.scala
Previously invalidated, but (transitively) depend on new invalidations:
	Set(C:\Users\MJ\AvansSoftwareOfficial\play-java-app\target\scala-2.10\src_managed\main\routes_reverseRouting.scala)
All newly invalidated sources after taking into account (previously) recompiled sources:Set(C:\Users\MJ\AvansSoftwareOfficial\play-java-app\app\controllers\Application.java, C:\Users\MJ\AvansSoftwareOfficial\play-java-app\app\controllers\Secured.java)
Read from stdout: Compiling 1 Scala source and 3 Java sources to C:\Users\MJ\AvansSoftwareOfficial\play-java-app\target\scala-2.10\classes...
Compiling 1 Scala source and 3 Java sources to C:\Users\MJ\AvansSoftwareOfficial\play-java-app\target\scala-2.10\classes...
Getting compiler-interface from component compiler for Scala 2.10.4
Getting compiler-interface from component compiler for Scala 2.10.4
Running cached compiler 19791035, interfacing (CompilerInterface) with Scala compiler version 2.10.4
Calling Scala compiler with arguments  (CompilerInterface):
	-deprecation
	-unchecked
	-encoding
	utf8
	-bootclasspath
	C:\Program Files\Java\jre1.8.0_45\lib\resources.jar;C:\Program Files\Java\jre1.8.0_45\lib\rt.jar;C:\Program Files\Java\jre1.8.0_45\lib\sunrsasign.jar;C:\Program Files\Java\jre1.8.0_45\lib\jsse.jar;C:\Program Files\Java\jre1.8.0_45\lib\jce.jar;C:\Program Files\Java\jre1.8.0_45\lib\charsets.jar;C:\Program Files\Java\jre1.8.0_45\lib\jfr.jar;C:\Program Files\Java\jre1.8.0_45\classes;C:\Users\MJ\.sbt\boot\scala-2.10.4\lib\scala-library.jar
	-classpath
	C:\Users\MJ\AvansSoftwareOfficial\play-java-app\target\scala-2.10\classes;C:\Users\MJ\.ivy2\cache\com.typesafe.play\twirl-api_2.10\jars\twirl-api_2.10-1.0.2.jar;C:\Users\MJ\.ivy2\cache\org.apache.commons\commons-lang3\jars\commons-lang3-3.1.jar;C:\Users\MJ\.ivy2\cache\com.typesafe.play\play_2.10\jars\play_2.10-2.3.9.jar;C:\Users\MJ\.ivy2\cache\com.typesafe.play\build-link\jars\build-link-2.3.9.jar;C:\Users\MJ\.ivy2\cache\com.typesafe.play\play-exceptions\jars\play-exceptions-2.3.9.jar;C:\Users\MJ\.ivy2\cache\com.typesafe.play\play-iteratees_2.10\jars\play-iteratees_2.10-2.3.9.jar;C:\Users\MJ\.ivy2\cache\org.scala-stm\scala-stm_2.10\jars\scala-stm_2.10-0.7.jar;C:\Users\MJ\.ivy2\cache\com.typesafe\config\bundles\config-1.2.1.jar;C:\Users\MJ\.ivy2\cache\com.typesafe.play\play-json_2.10\jars\play-json_2.10-2.3.9.jar;C:\Users\MJ\.ivy2\cache\com.typesafe.play\play-functional_2.10\jars\play-functional_2.10-2.3.9.jar;C:\Users\MJ\.ivy2\cache\com.typesafe.play\play-datacommons_2.10\jars\play-datacommons_2.10-2.3.9.jar;C:\Users\MJ\.ivy2\cache\joda-time\joda-time\jars\joda-time-2.3.jar;C:\Users\MJ\.ivy2\cache\org.joda\joda-convert\jars\joda-convert-1.6.jar;C:\Users\MJ\.ivy2\cache\com.fasterxml.jackson.core\jackson-annotations\bundles\jackson-annotations-2.3.2.jar;C:\Users\MJ\.ivy2\cache\com.fasterxml.jackson.core\jackson-core\bundles\jackson-core-2.3.2.jar;C:\Users\MJ\.ivy2\cache\com.fasterxml.jackson.core\jackson-databind\bundles\jackson-databind-2.3.2.jar;C:\Users\MJ\.sbt\boot\scala-2.10.4\lib\scala-reflect.jar;C:\Users\MJ\.ivy2\cache\io.netty\netty\bundles\netty-3.9.8.Final.jar;C:\Users\MJ\.ivy2\cache\com.typesafe.netty\netty-http-pipelining\jars\netty-http-pipelining-1.1.2.jar;C:\Users\MJ\.ivy2\cache\org.slf4j\slf4j-api\jars\slf4j-api-1.7.6.jar;C:\Users\MJ\.ivy2\cache\org.slf4j\jul-to-slf4j\jars\jul-to-slf4j-1.7.6.jar;C:\Users\MJ\.ivy2\cache\org.slf4j\jcl-over-slf4j\jars\jcl-over-slf4j-1.7.6.jar;C:\Users\MJ\.ivy2\cache\ch.qos.logback\logback-core\jars\logback-core-1.1.1.jar;C:\Users\MJ\.ivy2\cache\ch.qos.logback\logback-classic\jars\logback-classic-1.1.1.jar;C:\Users\MJ\.ivy2\cache\com.typesafe.akka\akka-actor_2.10\jars\akka-actor_2.10-2.3.4.jar;C:\Users\MJ\.ivy2\cache\com.typesafe.akka\akka-slf4j_2.10\jars\akka-slf4j_2.10-2.3.4.jar;C:\Users\MJ\.ivy2\cache\commons-codec\commons-codec\jars\commons-codec-1.9.jar;C:\Users\MJ\.ivy2\cache\xerces\xercesImpl\jars\xercesImpl-2.11.0.jar;C:\Users\MJ\.ivy2\cache\xml-apis\xml-apis\jars\xml-apis-1.4.01.jar;C:\Users\MJ\.ivy2\cache\javax.transaction\jta\jars\jta-1.1.jar;C:\Users\MJ\.ivy2\cache\com.typesafe.play\play-java_2.10\jars\play-java_2.10-2.3.9.jar;C:\Users\MJ\.ivy2\cache\org.yaml\snakeyaml\bundles\snakeyaml-1.13.jar;C:\Users\MJ\.ivy2\cache\org.hibernate\hibernate-validator\jars\hibernate-validator-5.0.3.Final.jar;C:\Users\MJ\.ivy2\cache\javax.validation\validation-api\jars\validation-api-1.1.0.Final.jar;C:\Users\MJ\.ivy2\cache\com.fasterxml\classmate\bundles\classmate-1.0.0.jar;C:\Users\MJ\.ivy2\cache\org.jboss.logging\jboss-logging\jars\jboss-logging-3.2.0.Final.jar;C:\Users\MJ\.ivy2\cache\org.springframework\spring-context\jars\spring-context-4.0.3.RELEASE.jar;C:\Users\MJ\.ivy2\cache\org.springframework\spring-core\jars\spring-core-4.0.3.RELEASE.jar;C:\Users\MJ\.ivy2\cache\org.springframework\spring-beans\jars\spring-beans-4.0.3.RELEASE.jar;C:\Users\MJ\.ivy2\cache\org.javassist\javassist\bundles\javassist-3.19.0-GA.jar;C:\Users\MJ\.ivy2\cache\org.reflections\reflections\jars\reflections-0.9.8.jar;C:\Users\MJ\.ivy2\cache\com.google.guava\guava\bundles\guava-16.0.1.jar;C:\Users\MJ\.ivy2\cache\dom4j\dom4j\jars\dom4j-1.6.1.jar;C:\Users\MJ\.ivy2\cache\com.google.code.findbugs\jsr305\jars\jsr305-2.0.3.jar;C:\Users\MJ\.ivy2\cache\org.apache.tomcat\tomcat-servlet-api\jars\tomcat-servlet-api-8.0.5.jar;C:\Users\MJ\.ivy2\cache\com.typesafe.play\play-java-jdbc_2.10\jars\play-java-jdbc_2.10-2.3.9.jar;C:\Users\MJ\.ivy2\cache\com.typesafe.play\play-jdbc_2.10\jars\play-jdbc_2.10-2.3.9.jar;C:\Users\MJ\.ivy2\cache\com.jolbox\bonecp\bundles\bonecp-0.8.0.RELEASE.jar;C:\Users\MJ\.ivy2\cache\com.h2database\h2\jars\h2-1.3.175.jar;C:\Users\MJ\.ivy2\cache\tyrex\tyrex\jars\tyrex-1.0.1.jar;C:\Users\MJ\.ivy2\cache\com.typesafe.play\play-java-ebean_2.10\jars\play-java-ebean_2.10-2.3.9.jar;C:\Users\MJ\.ivy2\cache\org.avaje.ebeanorm\avaje-ebeanorm\jars\avaje-ebeanorm-3.3.4.jar;C:\Users\MJ\.ivy2\cache\org.avaje.ebeanorm\avaje-ebeanorm-agent\jars\avaje-ebeanorm-agent-3.2.2.jar;C:\Users\MJ\.ivy2\cache\org.hibernate.javax.persistence\hibernate-jpa-2.0-api\jars\hibernate-jpa-2.0-api-1.0.1.Final.jar;C:\Users\MJ\.ivy2\cache\com.typesafe.play\play-java-ws_2.10\jars\play-java-ws_2.10-2.3.9.jar;C:\Users\MJ\.ivy2\cache\com.typesafe.play\play-ws_2.10\jars\play-ws_2.10-2.3.9.jar;C:\Users\MJ\.ivy2\cache\com.ning\async-http-client\jars\async-http-client-1.8.15.jar;C:\Users\MJ\.ivy2\cache\oauth.signpost\signpost-core\jars\signpost-core-1.2.1.2.jar;C:\Users\MJ\.ivy2\cache\oauth.signpost\signpost-commonshttp4\jars\signpost-commonshttp4-1.2.1.2.jar;C:\Users\MJ\.ivy2\cache\org.apache.httpcomponents\httpcore\jars\httpcore-4.0.1.jar;C:\Users\MJ\.ivy2\cache\org.apache.httpcomponents\httpclient\jars\httpclient-4.0.1.jar;C:\Users\MJ\.ivy2\cache\commons-logging\commons-logging\jars\commons-logging-1.1.1.jar
Scala compilation took 1.682999241 s
Java compilation took 0.998371407 s
Java analysis took 0.113452378 s
Java compile + analysis took 1.123336828 s
New invalidations:
	Set()
Initial set of included nodes: Set()
Previously invalidated, but (transitively) depend on new invalidations:
	Set()
All newly invalidated sources after taking into account (previously) recompiled sources:Set()
Total time: 13 s, completed 8 juin 2015 14:56:45
> server-post-command-cleanup
> server-handle-next-server-request
> backgroundRun
Evaluating tasks: compile:backgroundRun
Running task... Cancel: sbt.server.ServerTaskCancellation@186f4f2a, check cycles: false
Total time: 0 s, completed 8 juin 2015 14:56:49
> server-post-command-cleanup
> server-handle-next-server-request
> {file:/C:/Users/MJ/AvansSoftwareOfficial/play-java-app/}root/*:playForkConfig
Evaluating tasks: *:playForkConfig
Running task... Cancel: sbt.server.ServerTaskCancellation@9464b07, check cycles: false
Total time: 0 s, completed 8 juin 2015 14:56:52
> server-post-command-cleanup
> server-handle-next-server-request
> root/playForkNotifyStart http://localhost:9000
Evaluating tasks: *:playForkNotifyStart
Running task... Cancel: sbt.server.ServerTaskCancellation@2b6233bb, check cycles: false
Total time: 0 s, completed 8 juin 2015 14:56:52
> server-post-command-cleanup
> server-handle-next-server-request
> test
Evaluating tasks: test:test
Running task... Cancel: sbt.server.ServerTaskCancellation@654dba2f, check cycles: false

Initial source changes: 
	removed:Set()
	added: Set()
	modified: Set()
Removed products: Set()
External API changes: API Changes: Set()
Modified binary dependencies: Set()
Initial directly invalidated sources: Set()

Sources indirectly invalidated by:
	product: Set()
	binary dep: Set()
	external source: Set()
All initially invalidated sources: Set()

Copy resource mappings: 
	(C:\Users\MJ\AvansSoftwareOfficial\play-java-app\conf\application.conf,C:\Users\MJ\AvansSoftwareOfficial\play-java-app\target\scala-2.10\classes\application.conf)
	(C:\Users\MJ\AvansSoftwareOfficial\play-java-app\conf\evolutions,C:\Users\MJ\AvansSoftwareOfficial\play-java-app\target\scala-2.10\classes\evolutions)
	(C:\Users\MJ\AvansSoftwareOfficial\play-java-app\conf\routes,C:\Users\MJ\AvansSoftwareOfficial\play-java-app\target\scala-2.10\classes\routes)
	(C:\Users\MJ\AvansSoftwareOfficial\play-java-app\conf\evolutions\default,C:\Users\MJ\AvansSoftwareOfficial\play-java-app\target\scala-2.10\classes\evolutions\default)
	(C:\Users\MJ\AvansSoftwareOfficial\play-java-app\conf\evolutions\default\1.sql,C:\Users\MJ\AvansSoftwareOfficial\play-java-app\target\scala-2.10\classes\evolutions\default\1.sql)

Initial source changes: 
	removed:Set()
	added: Set(C:\Users\MJ\AvansSoftwareOfficial\play-java-app\test\ApplicationTest.java, C:\Users\MJ\AvansSoftwareOfficial\play-java-app\test\IntegrationTest.java, C:\Users\MJ\AvansSoftwareOfficial\play-java-app\test\controller\LoginTest.java, C:\Users\MJ\AvansSoftwareOfficial\play-java-app\test\models\ModelsTest.java)
	modified: Set()
Removed products: Set()
External API changes: API Changes: Set()
Modified binary dependencies: Set()
Initial directly invalidated sources: Set(C:\Users\MJ\AvansSoftwareOfficial\play-java-app\test\ApplicationTest.java, C:\Users\MJ\AvansSoftwareOfficial\play-java-app\test\IntegrationTest.java, C:\Users\MJ\AvansSoftwareOfficial\play-java-app\test\controller\LoginTest.java, C:\Users\MJ\AvansSoftwareOfficial\play-java-app\test\models\ModelsTest.java)

Sources indirectly invalidated by:
	product: Set()
	binary dep: Set()
	external source: Set()
All initially invalidated sources: Set(C:\Users\MJ\AvansSoftwareOfficial\play-java-app\test\ApplicationTest.java, C:\Users\MJ\AvansSoftwareOfficial\play-java-app\test\IntegrationTest.java, C:\Users\MJ\AvansSoftwareOfficial\play-java-app\test\controller\LoginTest.java, C:\Users\MJ\AvansSoftwareOfficial\play-java-app\test\models\ModelsTest.java)

Recompiling all 4 sources: invalidated sources (4) exceeded 50.0% of all sources
Read from stdout: Compiling 4 Java sources to C:\Users\MJ\AvansSoftwareOfficial\play-java-app\target\scala-2.10\test-classes...
Compiling 4 Java sources to C:\Users\MJ\AvansSoftwareOfficial\play-java-app\target\scala-2.10\test-classes...
Read from stdout: Note: Some input files use or override a deprecated API.
Note: Some input files use or override a deprecated API.
Read from stdout: Note: Recompile with -Xlint:deprecation for details.
Note: Recompile with -Xlint:deprecation for details.
Java compilation took 2.295094303 s
Java analysis took 0.149058883 s
Java compile + analysis took 2.459199588 s
Invalidating C:\Users\MJ\AvansSoftwareOfficial\play-java-app\test\ApplicationTest.java...
Invalidating (transitively) by inheritance from C:\Users\MJ\AvansSoftwareOfficial\play-java-app\test\ApplicationTest.java...
Initial set of included nodes: Set(C:\Users\MJ\AvansSoftwareOfficial\play-java-app\test\ApplicationTest.java)
Invalidated by transitive inheritance dependency: Set(C:\Users\MJ\AvansSoftwareOfficial\play-java-app\test\ApplicationTest.java)
The C:\Users\MJ\AvansSoftwareOfficial\play-java-app\test\ApplicationTest.java source file has the following regular definitions changed:
	notify, wait, equals, simpleCheck, notifyAll, ApplicationTest, <init>, toString, getClass, hashCode.
All member reference dependencies will be considered within this context.
Name hashing optimization doesn't apply to non-Scala dependency: C:\Users\MJ\AvansSoftwareOfficial\play-java-app\test\ApplicationTest.java
Invalidating C:\Users\MJ\AvansSoftwareOfficial\play-java-app\test\IntegrationTest.java...
Invalidating (transitively) by inheritance from C:\Users\MJ\AvansSoftwareOfficial\play-java-app\test\IntegrationTest.java...
Initial set of included nodes: Set(C:\Users\MJ\AvansSoftwareOfficial\play-java-app\test\IntegrationTest.java)
Invalidated by transitive inheritance dependency: Set(C:\Users\MJ\AvansSoftwareOfficial\play-java-app\test\IntegrationTest.java)
The C:\Users\MJ\AvansSoftwareOfficial\play-java-app\test\IntegrationTest.java source file has the following regular definitions changed:
	notify, test, wait, equals, notifyAll, IntegrationTest, <init>, toString, getClass, hashCode.
All member reference dependencies will be considered within this context.
Name hashing optimization doesn't apply to non-Scala dependency: C:\Users\MJ\AvansSoftwareOfficial\play-java-app\test\IntegrationTest.java
Invalidating C:\Users\MJ\AvansSoftwareOfficial\play-java-app\test\controller\LoginTest.java...
Invalidating (transitively) by inheritance from C:\Users\MJ\AvansSoftwareOfficial\play-java-app\test\controller\LoginTest.java...
Initial set of included nodes: Set(C:\Users\MJ\AvansSoftwareOfficial\play-java-app\test\controller\LoginTest.java)
Invalidated by transitive inheritance dependency: Set(C:\Users\MJ\AvansSoftwareOfficial\play-java-app\test\controller\LoginTest.java)
The C:\Users\MJ\AvansSoftwareOfficial\play-java-app\test\controller\LoginTest.java source file has the following regular definitions changed:
	notify, startPlay, setUp, wait, equals, authenticateFailure, LoginTest, notifyAll, stopPlay, <init>, toString, authenticateSuccess, getClass, hashCode.
All member reference dependencies will be considered within this context.
Name hashing optimization doesn't apply to non-Scala dependency: C:\Users\MJ\AvansSoftwareOfficial\play-java-app\test\controller\LoginTest.java
Invalidating C:\Users\MJ\AvansSoftwareOfficial\play-java-app\test\models\ModelsTest.java...
Invalidating (transitively) by inheritance from C:\Users\MJ\AvansSoftwareOfficial\play-java-app\test\models\ModelsTest.java...
Initial set of included nodes: Set(C:\Users\MJ\AvansSoftwareOfficial\play-java-app\test\models\ModelsTest.java)
Invalidated by transitive inheritance dependency: Set(C:\Users\MJ\AvansSoftwareOfficial\play-java-app\test\models\ModelsTest.java)
The C:\Users\MJ\AvansSoftwareOfficial\play-java-app\test\models\ModelsTest.java source file has the following regular definitions changed:
	notify, startPlay, setUp, wait, equals, ModelsTest, notifyAll, createAndRetrieveUser, stopPlay, <init>, toString, getClass, hashCode.
All member reference dependencies will be considered within this context.
Name hashing optimization doesn't apply to non-Scala dependency: C:\Users\MJ\AvansSoftwareOfficial\play-java-app\test\models\ModelsTest.java
New invalidations:
	Set()
Initial set of included nodes: Set()
Previously invalidated, but (transitively) depend on new invalidations:
	Set()
All newly invalidated sources after taking into account (previously) recompiled sources:Set()
Copy resource mappings: 
	
Framework implementation 'org.scalacheck.ScalaCheckFramework' not present.
Framework implementation 'org.specs.runner.SpecsFramework' not present.
Framework implementation 'org.scalatest.tools.Framework' not present.
Framework implementation 'org.scalatest.tools.ScalaTestFramework' not present.
Subclass fingerprints: List((junit.framework.TestCase,false,com.novocode.junit.JUnit3Fingerprint@6e0e05a3), (org.specs2.specification.SpecificationStructure,true,specs2 Specification fingerprint), (org.specs2.specification.SpecificationStructure,false,specs2 Specification fingerprint), (org.specs2.runner.FilesRunner,true,specs2 Specification files fingerprint), (org.specs2.runner.FilesRunner,false,specs2 Specification files fingerprint))
Annotation fingerprints: List((org.junit.runner.RunWith,false,com.novocode.junit.RunWithFingerprint@2986d9c9), (org.junit.Test,false,com.novocode.junit.JUnitFingerprint@157741eb))
Forking tests - parallelism = false
Create a single-thread test executor
Runner for com.novocode.junit.JUnitFramework produced 4 initial tasks for 4 tests.
  Running TaskDef(ApplicationTest, sbt.ForkMain$AnnotatedFingerscan@110db557, false, [SuiteSelector])
Test run started
Test ApplicationTest.simpleCheck started
Test ApplicationTest.simpleCheck finished, took 0.019 sec
Test run finished: 0 failed, 0 ignored, 1 total, 0.035s
    Produced 0 nested tasks and 1 events.
  Running TaskDef(models.ModelsTest, sbt.ForkMain$AnnotatedFingerscan@1aefad9f, false, [SuiteSelector])
Test run started
Test models.ModelsTest.createAndRetrieveUser started
Test models.ModelsTest.createAndRetrieveUser finished, took 3.081 sec
Test run finished: 0 failed, 0 ignored, 1 total, 3.082s
    Produced 0 nested tasks and 1 events.
  Running TaskDef(controller.LoginTest, sbt.ForkMain$AnnotatedFingerscan@2a60a1c3, false, [SuiteSelector])
Test run started
Test controller.LoginTest.authenticateSuccess started
Test controller.LoginTest.authenticateSuccess finished, took 1.127 sec
Test controller.LoginTest.authenticateFailure started
Test controller.LoginTest.authenticateFailure finished, took 0.17 sec
Test run finished: 0 failed, 0 ignored, 2 total, 1.299s
    Produced 0 nested tasks and 2 events.
  Running TaskDef(IntegrationTest, sbt.ForkMain$AnnotatedFingerscan@6740eda0, false, [SuiteSelector])
Test run started
Test IntegrationTest.test started
[error] c.g.h.h.HtmlPage - Error loading JavaScript from [http://localhost:3333/js/jquery.min.js].
java.io.IOException: Unable to download JavaScript from 'http://localhost:3333/js/jquery.min.js' (status 404).
	at com.gargoylesoftware.htmlunit.html.HtmlPage.loadJavaScriptFromUrl(HtmlPage.java:1106) ~[htmlunit-2.13.jar:2.13]
	at com.gargoylesoftware.htmlunit.html.HtmlPage.loadExternalJavaScriptFile(HtmlPage.java:1039) ~[htmlunit-2.13.jar:2.13]
	at com.gargoylesoftware.htmlunit.html.HtmlScript.executeScriptIfNeeded(HtmlScript.java:409) [htmlunit-2.13.jar:2.13]
	at com.gargoylesoftware.htmlunit.html.HtmlScript$3.execute(HtmlScript.java:266) [htmlunit-2.13.jar:2.13]
	at com.gargoylesoftware.htmlunit.html.HtmlScript.onAllChildrenAddedToPage(HtmlScript.java:286) [htmlunit-2.13.jar:2.13]
[error] c.g.h.h.HtmlPage - Error loading JavaScript from [http://localhost:3333/bootstrap/js/bootstrap.min.js].
java.io.IOException: Unable to download JavaScript from 'http://localhost:3333/bootstrap/js/bootstrap.min.js' (status 404).
	at com.gargoylesoftware.htmlunit.html.HtmlPage.loadJavaScriptFromUrl(HtmlPage.java:1106) ~[htmlunit-2.13.jar:2.13]
	at com.gargoylesoftware.htmlunit.html.HtmlPage.loadExternalJavaScriptFile(HtmlPage.java:1039) ~[htmlunit-2.13.jar:2.13]
	at com.gargoylesoftware.htmlunit.html.HtmlScript.executeScriptIfNeeded(HtmlScript.java:409) [htmlunit-2.13.jar:2.13]
	at com.gargoylesoftware.htmlunit.html.HtmlScript$3.execute(HtmlScript.java:266) [htmlunit-2.13.jar:2.13]
	at com.gargoylesoftware.htmlunit.html.HtmlScript.onAllChildrenAddedToPage(HtmlScript.java:286) [htmlunit-2.13.jar:2.13]
Test IntegrationTest.test finished, took 4.617 sec
Test run finished: 0 failed, 0 ignored, 1 total, 4.617s
    Produced 0 nested tasks and 1 events.
Runner for org.specs2.runner.Specs2Framework produced 0 initial tasks for 0 tests.
Summary for JUnit not available.
Summary for specs2 not available.
Read from stdout: Passed: Total 5, Failed 0, Errors 0, Passed 5
Passed: Total 5, Failed 0, Errors 0, Passed 5
Passed tests:
	models.ModelsTest
	controller.LoginTest
	ApplicationTest
	IntegrationTest
Total time: 14 s, completed 8 juin 2015 14:57:14
> server-post-command-cleanup
> server-handle-next-server-request
> {file:/C:/Users/MJ/AvansSoftwareOfficial/play-java-app/}root/*:playForkReload
Evaluating tasks: *:playForkReload
Running task... Cancel: sbt.server.ServerTaskCancellation@79abaa01, check cycles: false

Initial source changes: 
	removed:Set()
	added: Set()
	modified: Set()
Removed products: Set()
External API changes: API Changes: Set()
Modified binary dependencies: Set()
Initial directly invalidated sources: Set()

Sources indirectly invalidated by:
	product: Set()
	binary dep: Set()
	external source: Set()
All initially invalidated sources: Set()

Copy resource mappings: 
	(C:\Users\MJ\AvansSoftwareOfficial\play-java-app\conf\application.conf,C:\Users\MJ\AvansSoftwareOfficial\play-java-app\target\scala-2.10\classes\application.conf)
	(C:\Users\MJ\AvansSoftwareOfficial\play-java-app\conf\evolutions,C:\Users\MJ\AvansSoftwareOfficial\play-java-app\target\scala-2.10\classes\evolutions)
	(C:\Users\MJ\AvansSoftwareOfficial\play-java-app\conf\routes,C:\Users\MJ\AvansSoftwareOfficial\play-java-app\target\scala-2.10\classes\routes)
	(C:\Users\MJ\AvansSoftwareOfficial\play-java-app\conf\evolutions\default,C:\Users\MJ\AvansSoftwareOfficial\play-java-app\target\scala-2.10\classes\evolutions\default)
	(C:\Users\MJ\AvansSoftwareOfficial\play-java-app\conf\evolutions\default\1.sql,C:\Users\MJ\AvansSoftwareOfficial\play-java-app\target\scala-2.10\classes\evolutions\default\1.sql)
Total time: 1 s, completed 8 juin 2015 15:29:52
> server-post-command-cleanup
> server-handle-next-server-request
> {file:/C:/Users/MJ/AvansSoftwareOfficial/play-java-app/}root/*:playForkReload
Evaluating tasks: *:playForkReload
Running task... Cancel: sbt.server.ServerTaskCancellation@7e270875, check cycles: false

Initial source changes: 
	removed:Set()
	added: Set()
	modified: Set()
Removed products: Set()
External API changes: API Changes: Set()
Modified binary dependencies: Set()
Initial directly invalidated sources: Set()

Sources indirectly invalidated by:
	product: Set()
	binary dep: Set()
	external source: Set()
All initially invalidated sources: Set()

Copy resource mappings: 
	(C:\Users\MJ\AvansSoftwareOfficial\play-java-app\conf\application.conf,C:\Users\MJ\AvansSoftwareOfficial\play-java-app\target\scala-2.10\classes\application.conf)
	(C:\Users\MJ\AvansSoftwareOfficial\play-java-app\conf\evolutions,C:\Users\MJ\AvansSoftwareOfficial\play-java-app\target\scala-2.10\classes\evolutions)
	(C:\Users\MJ\AvansSoftwareOfficial\play-java-app\conf\routes,C:\Users\MJ\AvansSoftwareOfficial\play-java-app\target\scala-2.10\classes\routes)
	(C:\Users\MJ\AvansSoftwareOfficial\play-java-app\conf\evolutions\default,C:\Users\MJ\AvansSoftwareOfficial\play-java-app\target\scala-2.10\classes\evolutions\default)
	(C:\Users\MJ\AvansSoftwareOfficial\play-java-app\conf\evolutions\default\1.sql,C:\Users\MJ\AvansSoftwareOfficial\play-java-app\target\scala-2.10\classes\evolutions\default\1.sql)
Total time: 1 s, completed 8 juin 2015 15:29:56
> server-post-command-cleanup
> server-handle-next-server-request
> jobStop 2
Evaluating tasks: *:jobStop
Running task... Cancel: sbt.server.ServerTaskCancellation@2dc3e5d0, check cycles: false
Total time: 0 s, completed 8 juin 2015 16:20:50
> server-post-command-cleanup
> server-handle-next-server-request
> backgroundRun
Evaluating tasks: compile:backgroundRun
Running task... Cancel: sbt.server.ServerTaskCancellation@668b421d, check cycles: false
Total time: 0 s, completed 8 juin 2015 16:21:05
> server-post-command-cleanup
> server-handle-next-server-request
> {file:/C:/Users/MJ/AvansSoftwareOfficial/play-java-app/}root/*:playForkConfig
Evaluating tasks: *:playForkConfig
Running task... Cancel: sbt.server.ServerTaskCancellation@467fd5fa, check cycles: false
Total time: 0 s, completed 8 juin 2015 16:21:07
> server-post-command-cleanup
> server-handle-next-server-request
> root/playForkNotifyStart http://localhost:9000
Evaluating tasks: *:playForkNotifyStart
Running task... Cancel: sbt.server.ServerTaskCancellation@50c8a70c, check cycles: false
Total time: 0 s, completed 8 juin 2015 16:21:08
> server-post-command-cleanup
> server-handle-next-server-request
> {file:/C:/Users/MJ/AvansSoftwareOfficial/play-java-app/}root/*:playForkReload
Evaluating tasks: *:playForkReload
Running task... Cancel: sbt.server.ServerTaskCancellation@66c201d7, check cycles: false

Initial source changes: 
	removed:Set()
	added: Set()
	modified: Set()
Removed products: Set()
External API changes: API Changes: Set()
Modified binary dependencies: Set()
Initial directly invalidated sources: Set()

Sources indirectly invalidated by:
	product: Set()
	binary dep: Set()
	external source: Set()
All initially invalidated sources: Set()

Copy resource mappings: 
	(C:\Users\MJ\AvansSoftwareOfficial\play-java-app\conf\application.conf,C:\Users\MJ\AvansSoftwareOfficial\play-java-app\target\scala-2.10\classes\application.conf)
	(C:\Users\MJ\AvansSoftwareOfficial\play-java-app\conf\evolutions,C:\Users\MJ\AvansSoftwareOfficial\play-java-app\target\scala-2.10\classes\evolutions)
	(C:\Users\MJ\AvansSoftwareOfficial\play-java-app\conf\routes,C:\Users\MJ\AvansSoftwareOfficial\play-java-app\target\scala-2.10\classes\routes)
	(C:\Users\MJ\AvansSoftwareOfficial\play-java-app\conf\evolutions\default,C:\Users\MJ\AvansSoftwareOfficial\play-java-app\target\scala-2.10\classes\evolutions\default)
	(C:\Users\MJ\AvansSoftwareOfficial\play-java-app\conf\evolutions\default\1.sql,C:\Users\MJ\AvansSoftwareOfficial\play-java-app\target\scala-2.10\classes\evolutions\default\1.sql)
Total time: 1 s, completed 8 juin 2015 16:21:12
> server-post-command-cleanup
> server-handle-next-server-request
