#
# There is insufficient memory for the Java Runtime Environment to continue.
# Native memory allocation (malloc) failed to allocate 1048576 bytes for AllocateHeap
# Possible reasons:
#   The system is out of physical RAM or swap space
#   In 32 bit mode, the process size limit was hit
# Possible solutions:
#   Reduce memory load on the system
#   Increase physical memory or swap space
#   Check if swap backing store is full
#   Use 64 bit Java on a 64 bit OS
#   Decrease Java heap size (-Xmx/-Xms)
#   Decrease number of Java threads
#   Decrease Java thread stack sizes (-Xss)
#   Set larger code cache with -XX:ReservedCodeCacheSize=
# This output file may be truncated or incomplete.
#
#  Out of Memory Error (memory/allocation.inline.hpp:61), pid=30816, tid=30876
#
# JRE version:  (7.0_71-b14) (build )
# Java VM: Java HotSpot(TM) 64-Bit Server VM (24.71-b01 mixed mode windows-amd64 compressed oops)
# Failed to write core dump. Minidumps are not enabled by default on client versions of Windows
#

---------------  T H R E A D  ---------------

Current thread (0x000000000286e000):  JavaThread "Unknown thread" [_thread_in_vm, id=30876, stack(0x0000000002700000,0x0000000002800000)]

Stack: [0x0000000002700000,0x0000000002800000]
[error occurred during error reporting (printing stack bounds), id 0xc0000005]


---------------  P R O C E S S  ---------------

Java Threads: ( => current thread )

Other Threads:

=>0x000000000286e000 (exited) JavaThread "Unknown thread" [_thread_in_vm, id=30876, stack(0x0000000002700000,0x0000000002800000)]

VM state:not at safepoint (normal execution)

VM Mutex/Monitor currently owned by a thread: None

Heap
 PSYoungGen      total 28672K, used 501K [0x00000000e0880000, 0x00000000e2800000, 0x0000000100000000)
  eden space 25088K, 2% used [0x00000000e0880000,0x00000000e08fd760,0x00000000e2100000)
  from space 3584K, 0% used [0x00000000e2480000,0x00000000e2480000,0x00000000e2800000)
  to   space 3584K, 0% used [0x00000000e2100000,0x00000000e2100000,0x00000000e2480000)
 ParOldGen       total 64000K, used 0K [0x00000000a1a00000, 0x00000000a5880000, 0x00000000e0880000)
  object space 64000K, 0% used [0x00000000a1a00000,0x00000000a1a00000,0x00000000a5880000)
 PSPermGen       total 65536K, used 694K [0x0000000091a00000, 0x0000000095a00000, 0x00000000a1a00000)
  object space 65536K, 1% used [0x0000000091a00000,0x0000000091aad9f8,0x0000000095a00000)

Card table byte_map: [0x0000000005a30000,0x0000000005db0000] byte_map_base: 0x00000000055a3000

Polling page: 0x00000000025d0000

Code Cache  [0x0000000002970000, 0x0000000002be0000, 0x0000000005970000)
 total_blobs=38 nmethods=0 adapters=20 free_code_cache=48889Kb largest_free_block=50062528

Compilation events (0 events):
No events

GC Heap History (0 events):
No events

Deoptimization events (0 events):
No events

Internal exceptions (0 events):
No events

Events (10 events):
Event: 1.417 loading class 0x00000000028bffe0
Event: 1.417 loading class 0x00000000028bffe0 done
Event: 1.417 loading class 0x00000000028c0030
Event: 1.417 loading class 0x00000000028c0030 done
Event: 1.417 loading class 0x00000000028c0080
Event: 1.418 loading class 0x00000000028c0080 done
Event: 1.419 loading class 0x00000000028c0de0
Event: 1.419 loading class 0x00000000028c0de0 done
Event: 1.419 loading class 0x00000000028c0a00
Event: 1.419 loading class 0x00000000028c0a00 done


Dynamic libraries:
0x00007ff7b9d40000 - 0x00007ff7b9d73000 	C:\Program Files\Java\jdk1.7.0_71\bin\java.exe
0x00007ffc75f80000 - 0x00007ffc7612c000 	C:\WINDOWS\SYSTEM32\ntdll.dll
0x00007ffc73600000 - 0x00007ffc7373e000 	C:\WINDOWS\system32\KERNEL32.DLL
0x00007ffc73250000 - 0x00007ffc73365000 	C:\WINDOWS\system32\KERNELBASE.dll
0x00007ffc71c50000 - 0x00007ffc71cde000 	C:\WINDOWS\system32\apphelp.dll
0x00007ffc67430000 - 0x00007ffc67483000 	C:\WINDOWS\AppPatch\AppPatch64\AcGenral.DLL
0x00007ffc75cc0000 - 0x00007ffc75d6a000 	C:\WINDOWS\system32\msvcrt.dll
0x00007ffc72ef0000 - 0x00007ffc72f1e000 	C:\WINDOWS\SYSTEM32\SspiCli.dll
0x00007ffc75ef0000 - 0x00007ffc75f44000 	C:\WINDOWS\system32\SHLWAPI.dll
0x00007ffc75d70000 - 0x00007ffc75ee7000 	C:\WINDOWS\system32\USER32.dll
0x00007ffc73ec0000 - 0x00007ffc74054000 	C:\WINDOWS\system32\ole32.dll
0x00007ffc74610000 - 0x00007ffc75b28000 	C:\WINDOWS\system32\SHELL32.dll
0x00007ffc726d0000 - 0x00007ffc726f1000 	C:\WINDOWS\SYSTEM32\USERENV.dll
0x00007ffc74500000 - 0x00007ffc745aa000 	C:\WINDOWS\system32\ADVAPI32.dll
0x00007ffc672a0000 - 0x00007ffc672be000 	C:\WINDOWS\SYSTEM32\MPR.dll
0x00007ffc738a0000 - 0x00007ffc739e1000 	C:\WINDOWS\system32\RPCRT4.dll
0x00007ffc74060000 - 0x00007ffc740b9000 	C:\WINDOWS\SYSTEM32\sechost.dll
0x00007ffc739f0000 - 0x00007ffc73c01000 	C:\WINDOWS\SYSTEM32\combase.dll
0x00007ffc73740000 - 0x00007ffc73891000 	C:\WINDOWS\system32\GDI32.dll
0x00007ffc730d0000 - 0x00007ffc730e5000 	C:\WINDOWS\SYSTEM32\profapi.dll
0x00007ffc71470000 - 0x00007ffc71522000 	C:\WINDOWS\SYSTEM32\SHCORE.dll
0x00007ffc74460000 - 0x00007ffc74496000 	C:\WINDOWS\system32\IMM32.DLL
0x00007ffc740d0000 - 0x00007ffc74221000 	C:\WINDOWS\system32\MSCTF.dll
0x00007ffc70b50000 - 0x00007ffc70dcb000 	C:\WINDOWS\WinSxS\amd64_microsoft.windows.common-controls_6595b64144ccf1df_6.0.9600.17415_none_6240486fecbd8abb\COMCTL32.dll
0x0000000066e30000 - 0x0000000066f02000 	C:\Program Files\Java\jdk1.7.0_71\jre\bin\msvcr100.dll
0x0000000066650000 - 0x0000000066e23000 	C:\Program Files\Java\jdk1.7.0_71\jre\bin\server\jvm.dll
0x00007ffc6df80000 - 0x00007ffc6df89000 	C:\WINDOWS\SYSTEM32\WSOCK32.dll
0x00007ffc6d380000 - 0x00007ffc6d3a2000 	C:\WINDOWS\SYSTEM32\WINMM.dll
0x00007ffc74450000 - 0x00007ffc74457000 	C:\WINDOWS\system32\PSAPI.DLL
0x00007ffc744a0000 - 0x00007ffc744fa000 	C:\WINDOWS\system32\WS2_32.dll
0x00007ffc6d330000 - 0x00007ffc6d35a000 	C:\WINDOWS\SYSTEM32\WINMMBASE.dll
0x00007ffc73df0000 - 0x00007ffc73df9000 	C:\WINDOWS\system32\NSI.dll
0x00007ffc731a0000 - 0x00007ffc731ef000 	C:\WINDOWS\SYSTEM32\cfgmgr32.dll
0x00007ffc71ec0000 - 0x00007ffc71ee8000 	C:\WINDOWS\SYSTEM32\DEVOBJ.dll
0x00000000671f0000 - 0x00000000671ff000 	C:\Program Files\Java\jdk1.7.0_71\jre\bin\verify.dll
0x00000000671c0000 - 0x00000000671e8000 	C:\Program Files\Java\jdk1.7.0_71\jre\bin\java.dll
0x00000000671a0000 - 0x00000000671b5000 	C:\Program Files\Java\jdk1.7.0_71\jre\bin\zip.dll

VM Arguments:
jvm_args: -XX:PermSize=64M -XX:MaxPermSize=256M -Dactivator.home=//C:/Dev/activator-1.3.2-minimal/AvansSoftwareOfficial/AvansSoftwareOfficial/AvansSoftwarePlay 
java_command: C:\Dev\activator-1.3.2-minimal\AvansSoftwareOfficial\AvansSoftwareOfficial\AvansSoftwarePlay\activator-launch-1.3.2.jar ui
Launcher Type: SUN_STANDARD

Environment Variables:
JAVA_HOME=C:\Program Files\Java\jdk1.7.0_71
CLASSPATH=LASSPATH;C:\Users\karen\Downloads\tomcat8\lib\servlet-api.jar
PATH=